{"/Users/olegtsibulnik/io/jstarter/src/js/components/DummyComponent/DummyComponent.jsx": {"path":"/Users/olegtsibulnik/io/jstarter/src/js/components/DummyComponent/DummyComponent.jsx","statementMap":{"0":{"start":{"line":11,"column":4},"end":{"line":18,"column":6}}},"fnMap":{"0":{"name":"(anonymous_0)","decl":{"start":{"line":10,"column":2},"end":{"line":10,"column":3}},"loc":{"start":{"line":10,"column":11},"end":{"line":19,"column":3}},"line":10}},"branchMap":{},"s":{"0":1},"f":{"0":1},"b":{},"_coverageSchema":"332fd63041d2c1bcb487cc26dd0d5f7d97098a6c","hash":"7e61eeeecfd3be361b4def12f31efdabb1dbff56"}
}
